{"D:\\assignment-01-IT21835278\\nasa-frontend\\src\\Pages\\Home.jsx": {"path":"D:\\assignment-01-IT21835278\\nasa-frontend\\src\\Pages\\Home.jsx","statementMap":{"0":{"start":{"line":4,"column":13},"end":{"line":105,"column":1}},"1":{"start":{"line":5,"column":38},"end":{"line":5,"column":52}},"2":{"start":{"line":6,"column":46},"end":{"line":6,"column":58}},"3":{"start":{"line":7,"column":34},"end":{"line":7,"column":48}},"4":{"start":{"line":8,"column":30},"end":{"line":8,"column":44}},"5":{"start":{"line":9,"column":42},"end":{"line":9,"column":56}},"6":{"start":{"line":11,"column":4},"end":{"line":52,"column":11}},"7":{"start":{"line":13,"column":12},"end":{"line":26,"column":13}},"8":{"start":{"line":15,"column":38},"end":{"line":15,"column":137}},"9":{"start":{"line":17,"column":16},"end":{"line":19,"column":17}},"10":{"start":{"line":18,"column":20},"end":{"line":18,"column":66}},"11":{"start":{"line":20,"column":34},"end":{"line":20,"column":60}},"12":{"start":{"line":21,"column":16},"end":{"line":21,"column":40}},"13":{"start":{"line":23,"column":16},"end":{"line":23,"column":40}},"14":{"start":{"line":25,"column":16},"end":{"line":25,"column":34}},"15":{"start":{"line":30,"column":12},"end":{"line":40,"column":13}},"16":{"start":{"line":31,"column":33},"end":{"line":31,"column":187}},"17":{"start":{"line":32,"column":16},"end":{"line":34,"column":17}},"18":{"start":{"line":33,"column":20},"end":{"line":33,"column":61}},"19":{"start":{"line":36,"column":33},"end":{"line":36,"column":45}},"20":{"start":{"line":37,"column":16},"end":{"line":37,"column":43}},"21":{"start":{"line":39,"column":16},"end":{"line":39,"column":40}},"22":{"start":{"line":43,"column":8},"end":{"line":43,"column":20}},"23":{"start":{"line":44,"column":8},"end":{"line":44,"column":26}},"24":{"start":{"line":46,"column":27},"end":{"line":49,"column":16}},"25":{"start":{"line":47,"column":24},"end":{"line":47,"column":34}},"26":{"start":{"line":48,"column":12},"end":{"line":48,"column":49}},"27":{"start":{"line":51,"column":8},"end":{"line":51,"column":47}},"28":{"start":{"line":51,"column":21},"end":{"line":51,"column":46}},"29":{"start":{"line":54,"column":4},"end":{"line":54,"column":46}},"30":{"start":{"line":54,"column":17},"end":{"line":54,"column":46}},"31":{"start":{"line":55,"column":4},"end":{"line":55,"column":48}},"32":{"start":{"line":55,"column":15},"end":{"line":55,"column":48}},"33":{"start":{"line":57,"column":4},"end":{"line":104,"column":6}}},"fnMap":{"0":{"name":"(anonymous_0)","decl":{"start":{"line":4,"column":13},"end":{"line":4,"column":14}},"loc":{"start":{"line":4,"column":19},"end":{"line":105,"column":1}},"line":4},"1":{"name":"(anonymous_1)","decl":{"start":{"line":11,"column":14},"end":{"line":11,"column":15}},"loc":{"start":{"line":11,"column":20},"end":{"line":52,"column":5}},"line":11},"2":{"name":"fetchData","decl":{"start":{"line":12,"column":23},"end":{"line":12,"column":32}},"loc":{"start":{"line":12,"column":35},"end":{"line":27,"column":9}},"line":12},"3":{"name":"fetchEarthImage","decl":{"start":{"line":29,"column":23},"end":{"line":29,"column":38}},"loc":{"start":{"line":29,"column":41},"end":{"line":41,"column":9}},"line":29},"4":{"name":"(anonymous_4)","decl":{"start":{"line":46,"column":39},"end":{"line":46,"column":40}},"loc":{"start":{"line":46,"column":45},"end":{"line":49,"column":9}},"line":46},"5":{"name":"(anonymous_5)","decl":{"start":{"line":51,"column":15},"end":{"line":51,"column":16}},"loc":{"start":{"line":51,"column":21},"end":{"line":51,"column":46}},"line":51}},"branchMap":{"0":{"loc":{"start":{"line":17,"column":16},"end":{"line":19,"column":17}},"type":"if","locations":[{"start":{"line":17,"column":16},"end":{"line":19,"column":17}},{"start":{},"end":{}}],"line":17},"1":{"loc":{"start":{"line":32,"column":16},"end":{"line":34,"column":17}},"type":"if","locations":[{"start":{"line":32,"column":16},"end":{"line":34,"column":17}},{"start":{},"end":{}}],"line":32},"2":{"loc":{"start":{"line":54,"column":4},"end":{"line":54,"column":46}},"type":"if","locations":[{"start":{"line":54,"column":4},"end":{"line":54,"column":46}},{"start":{},"end":{}}],"line":54},"3":{"loc":{"start":{"line":55,"column":4},"end":{"line":55,"column":48}},"type":"if","locations":[{"start":{"line":55,"column":4},"end":{"line":55,"column":48}},{"start":{},"end":{}}],"line":55},"4":{"loc":{"start":{"line":84,"column":13},"end":{"line":88,"column":13}},"type":"binary-expr","locations":[{"start":{"line":84,"column":13},"end":{"line":84,"column":22}},{"start":{"line":85,"column":16},"end":{"line":87,"column":22}}],"line":84},"5":{"loc":{"start":{"line":96,"column":17},"end":{"line":100,"column":17}},"type":"binary-expr","locations":[{"start":{"line":96,"column":17},"end":{"line":96,"column":30}},{"start":{"line":97,"column":20},"end":{"line":99,"column":26}}],"line":96}},"s":{"0":1,"1":2,"2":1,"3":1,"4":1,"5":1,"6":1,"7":1,"8":1,"9":1,"10":0,"11":1,"12":1,"13":0,"14":1,"15":1,"16":1,"17":1,"18":0,"19":1,"20":1,"21":0,"22":1,"23":1,"24":1,"25":0,"26":0,"27":1,"28":1,"29":1,"30":1,"31":0,"32":0,"33":0},"f":{"0":2,"1":1,"2":1,"3":1,"4":0,"5":1},"b":{"0":[0,1],"1":[0,1],"2":[1,0],"3":[0,0],"4":[0,0],"5":[0,0]},"_coverageSchema":"1a1c01bbd47fc00a2c39e90264f33305004495a9","hash":"cc7a2056414091fbbbe775be42f50785e9bb3887"}
}
