TN:
SF:src\Pages\Home.jsx
FN:4,(anonymous_0)
FN:11,(anonymous_1)
FN:12,fetchData
FN:29,fetchEarthImage
FN:46,(anonymous_4)
FN:51,(anonymous_5)
FNF:6
FNH:5
FNDA:2,(anonymous_0)
FNDA:1,(anonymous_1)
FNDA:1,fetchData
FNDA:1,fetchEarthImage
FNDA:0,(anonymous_4)
FNDA:1,(anonymous_5)
DA:4,1
DA:5,2
DA:6,1
DA:7,1
DA:8,1
DA:9,1
DA:11,1
DA:13,1
DA:15,1
DA:17,1
DA:18,0
DA:20,1
DA:21,1
DA:23,0
DA:25,1
DA:30,1
DA:31,1
DA:32,1
DA:33,0
DA:36,1
DA:37,1
DA:39,0
DA:43,1
DA:44,1
DA:46,1
DA:47,0
DA:48,0
DA:51,1
DA:54,1
DA:55,0
DA:57,0
LF:31
LH:23
BRDA:17,0,0,0
BRDA:17,0,1,1
BRDA:32,1,0,0
BRDA:32,1,1,1
BRDA:54,2,0,1
BRDA:54,2,1,0
BRDA:55,3,0,0
BRDA:55,3,1,0
BRDA:84,4,0,0
BRDA:84,4,1,0
BRDA:96,5,0,0
BRDA:96,5,1,0
BRF:12
BRH:3
end_of_record
